This file contains any messages produced by compilers while
running configure, to aid debugging if configure makes a mistake.

It was created by configure, which was
generated by GNU Autoconf 2.61.  Invocation command line was

  $ ./configure 

## --------- ##
## Platform. ##
## --------- ##

hostname = amd
uname -m = x86_64
uname -r = 2.6.24-gentoo-r4
uname -s = Linux
uname -v = #1 SMP Thu Apr 17 18:52:56 CEST 2008

/usr/bin/uname -p = AMD Athlon(tm) 64 X2 Dual Core Processor 4400+
/bin/uname -X     = unknown

/bin/arch              = unknown
/usr/bin/arch -k       = unknown
/usr/convex/getsysinfo = unknown
/usr/bin/hostinfo      = unknown
/bin/machine           = unknown
/usr/bin/oslevel       = unknown
/bin/universe          = unknown

PATH: /usr/bin
PATH: /usr/local/bin
PATH: /usr/bin
PATH: /bin
PATH: /opt/bin
PATH: /usr/x86_64-pc-linux-gnu/gcc-bin/4.1.2
PATH: /opt/blackdown-jdk-1.4.2.03/bin
PATH: /opt/blackdown-jdk-1.4.2.03/jre/bin
PATH: /usr/qt/3/bin


## ----------- ##
## Core tests. ##
## ----------- ##

configure:2014: checking for a BSD-compatible install
configure:2070: result: /usr/bin/install -c
configure:2081: checking whether build environment is sane
configure:2124: result: yes
configure:2157: checking for gawk
configure:2173: found /usr/bin/gawk
configure:2184: result: gawk
configure:2195: checking whether make sets $(MAKE)
configure:2216: result: yes
configure:2461: checking for g++
configure:2477: found /usr/bin/g++
configure:2488: result: g++
configure:2519: checking for C++ compiler version
configure:2526: g++ --version >&5
g++ (GCC) 4.1.2 (Gentoo 4.1.2 p1.0.2)
Copyright (C) 2006 Free Software Foundation, Inc.
This is free software; see the source for copying conditions.  There is NO
warranty; not even for MERCHANTABILITY or FITNESS FOR A PARTICULAR PURPOSE.

configure:2529: $? = 0
configure:2536: g++ -v >&5
Using built-in specs.
Target: x86_64-pc-linux-gnu
Configured with: /var/tmp/portage/sys-devel/gcc-4.1.2/work/gcc-4.1.2/configure --prefix=/usr --bindir=/usr/x86_64-pc-linux-gnu/gcc-bin/4.1.2 --includedir=/usr/lib/gcc/x86_64-pc-linux-gnu/4.1.2/include --datadir=/usr/share/gcc-data/x86_64-pc-linux-gnu/4.1.2 --mandir=/usr/share/gcc-data/x86_64-pc-linux-gnu/4.1.2/man --infodir=/usr/share/gcc-data/x86_64-pc-linux-gnu/4.1.2/info --with-gxx-include-dir=/usr/lib/gcc/x86_64-pc-linux-gnu/4.1.2/include/g++-v4 --host=x86_64-pc-linux-gnu --build=x86_64-pc-linux-gnu --disable-altivec --enable-nls --without-included-gettext --with-system-zlib --disable-checking --disable-werror --enable-secureplt --disable-libunwind-exceptions --enable-multilib --enable-libmudflap --disable-libssp --disable-libgcj --enable-languages=c,c++,treelang,fortran --enable-shared --enable-threads=posix --enable-__cxa_atexit --enable-clocale=gnu
Thread model: posix
gcc version 4.1.2 (Gentoo 4.1.2 p1.0.2)
configure:2539: $? = 0
configure:2546: g++ -V >&5
g++: '-V' option must have argument
configure:2549: $? = 1
configure:2572: checking for C++ compiler default output file name
configure:2599: g++    conftest.cpp  >&5
configure:2602: $? = 0
configure:2640: result: a.out
configure:2657: checking whether the C++ compiler works
configure:2667: ./a.out
configure:2670: $? = 0
configure:2687: result: yes
configure:2694: checking whether we are cross compiling
configure:2696: result: no
configure:2699: checking for suffix of executables
configure:2706: g++ -o conftest    conftest.cpp  >&5
configure:2709: $? = 0
configure:2733: result: 
configure:2739: checking for suffix of object files
configure:2765: g++ -c   conftest.cpp >&5
configure:2768: $? = 0
configure:2791: result: o
configure:2795: checking whether we are using the GNU C++ compiler
configure:2824: g++ -c   conftest.cpp >&5
configure:2830: $? = 0
configure:2847: result: yes
configure:2852: checking whether g++ accepts -g
configure:2882: g++ -c -g  conftest.cpp >&5
configure:2888: $? = 0
configure:2987: result: yes
configure:3021: checking for style of include used by make
configure:3049: result: GNU
configure:3077: checking dependency style of g++
configure:3160: result: gcc3
configure:3255: checking build system type
configure:3273: result: x86_64-unknown-linux-gnu
configure:3295: checking host system type
configure:3310: result: x86_64-unknown-linux-gnu
configure:3380: checking for gcc
configure:3396: found /usr/bin/gcc
configure:3407: result: gcc
configure:3645: checking for C compiler version
configure:3652: gcc --version >&5
gcc (GCC) 4.1.2 (Gentoo 4.1.2 p1.0.2)
Copyright (C) 2006 Free Software Foundation, Inc.
This is free software; see the source for copying conditions.  There is NO
warranty; not even for MERCHANTABILITY or FITNESS FOR A PARTICULAR PURPOSE.

configure:3655: $? = 0
configure:3662: gcc -v >&5
Using built-in specs.
Target: x86_64-pc-linux-gnu
Configured with: /var/tmp/portage/sys-devel/gcc-4.1.2/work/gcc-4.1.2/configure --prefix=/usr --bindir=/usr/x86_64-pc-linux-gnu/gcc-bin/4.1.2 --includedir=/usr/lib/gcc/x86_64-pc-linux-gnu/4.1.2/include --datadir=/usr/share/gcc-data/x86_64-pc-linux-gnu/4.1.2 --mandir=/usr/share/gcc-data/x86_64-pc-linux-gnu/4.1.2/man --infodir=/usr/share/gcc-data/x86_64-pc-linux-gnu/4.1.2/info --with-gxx-include-dir=/usr/lib/gcc/x86_64-pc-linux-gnu/4.1.2/include/g++-v4 --host=x86_64-pc-linux-gnu --build=x86_64-pc-linux-gnu --disable-altivec --enable-nls --without-included-gettext --with-system-zlib --disable-checking --disable-werror --enable-secureplt --disable-libunwind-exceptions --enable-multilib --enable-libmudflap --disable-libssp --disable-libgcj --enable-languages=c,c++,treelang,fortran --enable-shared --enable-threads=posix --enable-__cxa_atexit --enable-clocale=gnu
Thread model: posix
gcc version 4.1.2 (Gentoo 4.1.2 p1.0.2)
configure:3665: $? = 0
configure:3672: gcc -V >&5
gcc: '-V' option must have argument
configure:3675: $? = 1
configure:3678: checking whether we are using the GNU C compiler
configure:3707: gcc -c   conftest.c >&5
configure:3713: $? = 0
configure:3730: result: yes
configure:3735: checking whether gcc accepts -g
configure:3765: gcc -c -g  conftest.c >&5
configure:3771: $? = 0
configure:3870: result: yes
configure:3887: checking for gcc option to accept ISO C89
configure:3961: gcc  -c -g -O2  conftest.c >&5
configure:3967: $? = 0
configure:3990: result: none needed
configure:4010: checking dependency style of gcc
configure:4093: result: gcc3
configure:4110: checking for a sed that does not truncate output
configure:4164: result: /bin/sed
configure:4167: checking for grep that handles long lines and -e
configure:4241: result: /bin/grep
configure:4246: checking for egrep
configure:4324: result: /bin/grep -E
configure:4340: checking for ld used by gcc
configure:4407: result: /usr/x86_64-pc-linux-gnu/bin/ld
configure:4416: checking if the linker (/usr/x86_64-pc-linux-gnu/bin/ld) is GNU ld
configure:4431: result: yes
configure:4436: checking for /usr/x86_64-pc-linux-gnu/bin/ld option to reload object files
configure:4443: result: -r
configure:4452: checking for BSD-compatible nm
configure:4494: result: /usr/bin/nm -B
configure:4498: checking whether ln -s works
configure:4502: result: yes
configure:4509: checking how to recognise dependent libraries
configure:4692: result: pass_all
configure:4778: g++ -c -g -O2  conftest.cpp >&5
configure:4781: $? = 0
configure:4908: checking how to run the C preprocessor
configure:4948: gcc -E  conftest.c
configure:4954: $? = 0
configure:4985: gcc -E  conftest.c
conftest.c:10:28: error: ac_nonexistent.h: No such file or directory
configure:4991: $? = 1
configure: failed program was:
| /* confdefs.h.  */
| #define PACKAGE_NAME ""
| #define PACKAGE_TARNAME ""
| #define PACKAGE_VERSION ""
| #define PACKAGE_STRING ""
| #define PACKAGE_BUGREPORT ""
| #define PACKAGE "verlihub"
| #define VERSION "0.9.8e"
| /* end confdefs.h.  */
| #include <ac_nonexistent.h>
configure:5024: result: gcc -E
configure:5053: gcc -E  conftest.c
configure:5059: $? = 0
configure:5090: gcc -E  conftest.c
conftest.c:10:28: error: ac_nonexistent.h: No such file or directory
configure:5096: $? = 1
configure: failed program was:
| /* confdefs.h.  */
| #define PACKAGE_NAME ""
| #define PACKAGE_TARNAME ""
| #define PACKAGE_VERSION ""
| #define PACKAGE_STRING ""
| #define PACKAGE_BUGREPORT ""
| #define PACKAGE "verlihub"
| #define VERSION "0.9.8e"
| /* end confdefs.h.  */
| #include <ac_nonexistent.h>
configure:5134: checking for ANSI C header files
configure:5164: gcc -c -g -O2  conftest.c >&5
configure:5170: $? = 0
configure:5269: gcc -o conftest -g -O2   conftest.c  >&5
configure:5272: $? = 0
configure:5278: ./conftest
configure:5281: $? = 0
configure:5298: result: yes
configure:5322: checking for sys/types.h
configure:5343: gcc -c -g -O2  conftest.c >&5
configure:5349: $? = 0
configure:5365: result: yes
configure:5322: checking for sys/stat.h
configure:5343: gcc -c -g -O2  conftest.c >&5
configure:5349: $? = 0
configure:5365: result: yes
configure:5322: checking for stdlib.h
configure:5343: gcc -c -g -O2  conftest.c >&5
configure:5349: $? = 0
configure:5365: result: yes
configure:5322: checking for string.h
configure:5343: gcc -c -g -O2  conftest.c >&5
configure:5349: $? = 0
configure:5365: result: yes
configure:5322: checking for memory.h
configure:5343: gcc -c -g -O2  conftest.c >&5
configure:5349: $? = 0
configure:5365: result: yes
configure:5322: checking for strings.h
configure:5343: gcc -c -g -O2  conftest.c >&5
configure:5349: $? = 0
configure:5365: result: yes
configure:5322: checking for inttypes.h
configure:5343: gcc -c -g -O2  conftest.c >&5
configure:5349: $? = 0
configure:5365: result: yes
configure:5322: checking for stdint.h
configure:5343: gcc -c -g -O2  conftest.c >&5
configure:5349: $? = 0
configure:5365: result: yes
configure:5322: checking for unistd.h
configure:5343: gcc -c -g -O2  conftest.c >&5
configure:5349: $? = 0
configure:5365: result: yes
configure:5392: checking dlfcn.h usability
configure:5409: gcc -c -g -O2  conftest.c >&5
configure:5415: $? = 0
configure:5429: result: yes
configure:5433: checking dlfcn.h presence
configure:5448: gcc -E  conftest.c
configure:5454: $? = 0
configure:5468: result: yes
configure:5496: checking for dlfcn.h
configure:5504: result: yes
configure:5522: checking how to run the C++ preprocessor
configure:5558: g++ -E  conftest.cpp
configure:5564: $? = 0
configure:5595: g++ -E  conftest.cpp
conftest.cpp:21:28: error: ac_nonexistent.h: No such file or directory
configure:5601: $? = 1
configure: failed program was:
| /* confdefs.h.  */
| #define PACKAGE_NAME ""
| #define PACKAGE_TARNAME ""
| #define PACKAGE_VERSION ""
| #define PACKAGE_STRING ""
| #define PACKAGE_BUGREPORT ""
| #define PACKAGE "verlihub"
| #define VERSION "0.9.8e"
| #define STDC_HEADERS 1
| #define HAVE_SYS_TYPES_H 1
| #define HAVE_SYS_STAT_H 1
| #define HAVE_STDLIB_H 1
| #define HAVE_STRING_H 1
| #define HAVE_MEMORY_H 1
| #define HAVE_STRINGS_H 1
| #define HAVE_INTTYPES_H 1
| #define HAVE_STDINT_H 1
| #define HAVE_UNISTD_H 1
| #define HAVE_DLFCN_H 1
| /* end confdefs.h.  */
| #include <ac_nonexistent.h>
configure:5634: result: g++ -E
configure:5663: g++ -E  conftest.cpp
configure:5669: $? = 0
configure:5700: g++ -E  conftest.cpp
conftest.cpp:21:28: error: ac_nonexistent.h: No such file or directory
configure:5706: $? = 1
configure: failed program was:
| /* confdefs.h.  */
| #define PACKAGE_NAME ""
| #define PACKAGE_TARNAME ""
| #define PACKAGE_VERSION ""
| #define PACKAGE_STRING ""
| #define PACKAGE_BUGREPORT ""
| #define PACKAGE "verlihub"
| #define VERSION "0.9.8e"
| #define STDC_HEADERS 1
| #define HAVE_SYS_TYPES_H 1
| #define HAVE_SYS_STAT_H 1
| #define HAVE_STDLIB_H 1
| #define HAVE_STRING_H 1
| #define HAVE_MEMORY_H 1
| #define HAVE_STRINGS_H 1
| #define HAVE_INTTYPES_H 1
| #define HAVE_STDINT_H 1
| #define HAVE_UNISTD_H 1
| #define HAVE_DLFCN_H 1
| /* end confdefs.h.  */
| #include <ac_nonexistent.h>
configure:5797: checking for g77
configure:5827: result: no
configure:5797: checking for xlf
configure:5827: result: no
configure:5797: checking for f77
configure:5827: result: no
configure:5797: checking for frt
configure:5827: result: no
configure:5797: checking for pgf77
configure:5827: result: no
configure:5797: checking for cf77
configure:5827: result: no
configure:5797: checking for fort77
configure:5827: result: no
configure:5797: checking for fl32
configure:5827: result: no
configure:5797: checking for af77
configure:5827: result: no
configure:5797: checking for xlf90
configure:5827: result: no
configure:5797: checking for f90
configure:5827: result: no
configure:5797: checking for pgf90
configure:5827: result: no
configure:5797: checking for pghpf
configure:5827: result: no
configure:5797: checking for epcf90
configure:5827: result: no
configure:5797: checking for gfortran
configure:5813: found /usr/bin/gfortran
configure:5824: result: gfortran
configure:5854: checking for Fortran 77 compiler version
configure:5861: gfortran --version >&5
GNU Fortran 95 (GCC) 4.1.2 (Gentoo 4.1.2 p1.0.2)
Copyright (C) 2006 Free Software Foundation, Inc.

GNU Fortran comes with NO WARRANTY, to the extent permitted by law.
You may redistribute copies of GNU Fortran
under the terms of the GNU General Public License.
For more information about these matters, see the file named COPYING

configure:5864: $? = 0
configure:5871: gfortran -v >&5
Using built-in specs.
Target: x86_64-pc-linux-gnu
Configured with: /var/tmp/portage/sys-devel/gcc-4.1.2/work/gcc-4.1.2/configure --prefix=/usr --bindir=/usr/x86_64-pc-linux-gnu/gcc-bin/4.1.2 --includedir=/usr/lib/gcc/x86_64-pc-linux-gnu/4.1.2/include --datadir=/usr/share/gcc-data/x86_64-pc-linux-gnu/4.1.2 --mandir=/usr/share/gcc-data/x86_64-pc-linux-gnu/4.1.2/man --infodir=/usr/share/gcc-data/x86_64-pc-linux-gnu/4.1.2/info --with-gxx-include-dir=/usr/lib/gcc/x86_64-pc-linux-gnu/4.1.2/include/g++-v4 --host=x86_64-pc-linux-gnu --build=x86_64-pc-linux-gnu --disable-altivec --enable-nls --without-included-gettext --with-system-zlib --disable-checking --disable-werror --enable-secureplt --disable-libunwind-exceptions --enable-multilib --enable-libmudflap --disable-libssp --disable-libgcj --enable-languages=c,c++,treelang,fortran --enable-shared --enable-threads=posix --enable-__cxa_atexit --enable-clocale=gnu
Thread model: posix
gcc version 4.1.2 (Gentoo 4.1.2 p1.0.2)
configure:5874: $? = 0
configure:5881: gfortran -V >&5
gfortran: '-V' option must have argument
configure:5884: $? = 1
configure:5892: checking whether we are using the GNU Fortran 77 compiler
configure:5911: gfortran -c  conftest.F >&5
configure:5917: $? = 0
configure:5934: result: yes
configure:5940: checking whether gfortran accepts -g
configure:5957: gfortran -c -g conftest.f >&5
configure:5963: $? = 0
configure:5979: result: yes
configure:6009: checking the maximum length of command line arguments
configure:6074: result: 32768
configure:6085: checking command to parse /usr/bin/nm -B output from gcc object
configure:6174: g++ -c -g -O2  conftest.cpp >&5
configure:6177: $? = 0
configure:6181: /usr/bin/nm -B conftest.o \| sed -n -e 's/^.*[ 	]\([ABCDGIRSTW][ABCDGIRSTW]*\)[ 	][ 	]*\(\)\([_A-Za-z][_A-Za-z0-9]*\)$/\1 \2\3 \3/p' \> conftest.nm
configure:6184: $? = 0
configure:6236: g++ -o conftest -g -O2   conftest.cpp conftstm.o >&5
configure:6239: $? = 0
configure:6277: result: ok
configure:6281: checking for objdir
configure:6296: result: .libs
configure:6388: checking for ar
configure:6404: found /usr/bin/ar
configure:6415: result: ar
configure:6484: checking for ranlib
configure:6500: found /usr/bin/ranlib
configure:6511: result: ranlib
configure:6580: checking for strip
configure:6596: found /usr/bin/strip
configure:6607: result: strip
configure:6883: checking if gcc static flag  works
configure:6906: result: yes
configure:6924: checking if gcc supports -fno-rtti -fno-exceptions
configure:6942: gcc -c -g -O2  -fno-rtti -fno-exceptions conftest.c >&5
cc1: warning: command line option "-fno-rtti" is valid for C++/ObjC++ but not for C
configure:6946: $? = 0
configure:6957: result: no
configure:6972: checking for gcc option to produce PIC
configure:7149: result: -fPIC
configure:7157: checking if gcc PIC flag -fPIC works
configure:7175: gcc -c -g -O2  -fPIC -DPIC conftest.c >&5
configure:7179: $? = 0
configure:7190: result: yes
configure:7214: checking if gcc supports -c -o file.o
configure:7235: gcc -c -g -O2  -o out/conftest2.o conftest.c >&5
configure:7239: $? = 0
configure:7259: result: yes
configure:7285: checking whether the gcc linker (/usr/x86_64-pc-linux-gnu/bin/ld -m elf_x86_64) supports shared libraries
configure:8129: result: yes
configure:8155: checking whether -lc should be explicitly linked in
configure:8160: gcc -c -g -O2  conftest.c >&5
configure:8163: $? = 0
configure:8177: gcc -shared conftest.o  -v -Wl,-soname -Wl,conftest -o conftest 2\>\&1 \| grep  -lc  \>/dev/null 2\>\&1
configure:8180: $? = 0
configure:8192: result: no
configure:8200: checking dynamic linker characteristics
configure:8746: result: GNU/Linux ld.so
configure:8750: checking how to hardcode library paths into programs
configure:8775: result: immediate
configure:8789: checking whether stripping libraries is possible
configure:8794: result: yes
configure:9591: checking if libtool supports shared libraries
configure:9593: result: yes
configure:9596: checking whether to build shared libraries
configure:9654: result: yes
configure:9657: checking whether to build static libraries
configure:9661: result: yes
configure:9753: creating libtool
configure:10300: checking for ld used by g++
configure:10367: result: /usr/x86_64-pc-linux-gnu/bin/ld -m elf_x86_64
configure:10376: checking if the linker (/usr/x86_64-pc-linux-gnu/bin/ld -m elf_x86_64) is GNU ld
configure:10391: result: yes
configure:10442: checking whether the g++ linker (/usr/x86_64-pc-linux-gnu/bin/ld -m elf_x86_64) supports shared libraries
configure:11266: result: yes
configure:11284: g++ -c -g -O2  conftest.cc >&5
configure:11287: $? = 0
configure:11383: checking for g++ option to produce PIC
configure:11635: result: -fPIC
configure:11643: checking if g++ PIC flag -fPIC works
configure:11661: g++ -c -g -O2  -fPIC -DPIC conftest.cc >&5
configure:11665: $? = 0
configure:11676: result: yes
configure:11700: checking if g++ supports -c -o file.o
configure:11721: g++ -c -g -O2  -o out/conftest2.o conftest.cc >&5
configure:11725: $? = 0
configure:11745: result: yes
configure:11771: checking whether the g++ linker (/usr/x86_64-pc-linux-gnu/bin/ld -m elf_x86_64) supports shared libraries
configure:11796: result: yes
configure:11867: checking dynamic linker characteristics
configure:12413: result: GNU/Linux ld.so
configure:12417: checking how to hardcode library paths into programs
configure:12442: result: immediate
configure:12456: checking whether stripping libraries is possible
configure:12461: result: yes
configure:13735: checking if libtool supports shared libraries
configure:13737: result: yes
configure:13740: checking whether to build shared libraries
configure:13758: result: yes
configure:13761: checking whether to build static libraries
configure:13765: result: yes
configure:13777: checking for gfortran option to produce PIC
configure:13954: result: -fPIC
configure:13962: checking if gfortran PIC flag -fPIC works
configure:13980: gfortran -c -g -O2 -fPIC conftest.f >&5
configure:13984: $? = 0
configure:13995: result: yes
configure:14019: checking if gfortran supports -c -o file.o
configure:14040: gfortran -c -g -O2 -o out/conftest2.o conftest.f >&5
configure:14044: $? = 0
configure:14064: result: yes
configure:14090: checking whether the gfortran linker (/usr/x86_64-pc-linux-gnu/bin/ld -m elf_x86_64) supports shared libraries
configure:14914: result: yes
configure:14985: checking dynamic linker characteristics
configure:15531: result: GNU/Linux ld.so
configure:15535: checking how to hardcode library paths into programs
configure:15560: result: immediate
configure:15574: checking whether stripping libraries is possible
configure:15579: result: yes
configure:19643: checking for mysql-devel
configure:19646: result: yes
configure:19656: checking for pcre-devel
configure:19659: result: yes
configure:19741: checking for noapos_mysql
configure:19759: found ./noapos_mysql
configure:19772: result: ./noapos_mysql
configure:19796: checking for MYSQL CFLAGS
configure:19803: result: -I/usr/include/mysql -DHAVE_ERRNO_AS_DEFINE=1
configure:19805: checking for MYSQL LIBS
configure:19812: result: -rdynamic -L/usr/lib64/mysql -lmysqlclient -lz -lcrypt -lnsl -lm -L/usr/lib64 -lssl -lcrypto
configure:19814: checking for MYSQL VERSION
configure:19821: result: 5.0.60
configure:19840: checking for MYSQL - any version
configure:20101: g++ -o conftest -g -O2   conftest.cpp  -rdynamic -L/usr/lib64/mysql -lmysqlclient -lz -lcrypt -lnsl -lm -L/usr/lib64 -lssl -lcrypto >&5
configure:20107: $? = 0
configure:20140: result: yes
configure:20235: checking for noapos_pcre
configure:20253: found ./noapos_pcre
configure:20266: result: ./noapos_pcre
configure:20290: checking for PCRE CFLAGS
configure:20297: result: 
configure:20299: checking for PCRE LIBS
configure:20306: result: -L/usr/lib64 -lpcre
configure:20308: checking for PCRE VERSION
configure:20315: result: 7.8
configure:20334: checking for PCRE - version >= 3.0.0
configure:20595: g++ -o conftest -g -O2 -I/usr/src/include/ -I/usr/include/mysql -DHAVE_ERRNO_AS_DEFINE=1   conftest.cpp  -L/usr/lib64 -lpcre >&5
configure:20601: $? = 0
configure:20634: result: yes
configure:20729: checking for config_geoip
configure:20747: found ./config_geoip
configure:20760: result: ./config_geoip
configure:20784: checking for GEOIP CFLAGS
configure:20791: result: -I/usr/include
configure:20793: checking for GEOIP LIBS
configure:20800: result: -L/usr/lib -lGeoIP
configure:20802: checking for GEOIP VERSION
configure:20809: result: 
configure:20828: checking for GEOIP - version >= 0.0.0
configure:21089: g++ -o conftest -g -O2 -I/usr/src/include/ -I/usr/include/mysql -DHAVE_ERRNO_AS_DEFINE=1    conftest.cpp  -L/usr/lib -lGeoIP >&5
configure:21095: $? = 0
configure:21128: result: yes
configure:21162: checking for pcre_get_stringnumber in -lpcre
configure:21197: g++ -o conftest -g -O2 -I/usr/src/include/ -I/usr/include/mysql -DHAVE_ERRNO_AS_DEFINE=1  -I/usr/include   conftest.cpp -lpcre   >&5
configure:21203: $? = 0
configure:21221: result: yes
configure:21233: checking for library containing crypt
configure:21274: g++ -o conftest -g -O2 -I/usr/src/include/ -I/usr/include/mysql -DHAVE_ERRNO_AS_DEFINE=1  -I/usr/include   conftest.cpp  >&5
/tmp/cc88406g.o: In function `main':
/home/netcelli/Verliproject/verlihub/conftest.cpp:33: undefined reference to `crypt'
collect2: ld returned 1 exit status
configure:21280: $? = 1
configure: failed program was:
| /* confdefs.h.  */
| #define PACKAGE_NAME ""
| #define PACKAGE_TARNAME ""
| #define PACKAGE_VERSION ""
| #define PACKAGE_STRING ""
| #define PACKAGE_BUGREPORT ""
| #define PACKAGE "verlihub"
| #define VERSION "0.9.8e"
| #define STDC_HEADERS 1
| #define HAVE_SYS_TYPES_H 1
| #define HAVE_SYS_STAT_H 1
| #define HAVE_STDLIB_H 1
| #define HAVE_STRING_H 1
| #define HAVE_MEMORY_H 1
| #define HAVE_STRINGS_H 1
| #define HAVE_INTTYPES_H 1
| #define HAVE_STDINT_H 1
| #define HAVE_UNISTD_H 1
| #define HAVE_DLFCN_H 1
| #define HAVE_PCRE_GET_STRINGNUMBER 1
| /* end confdefs.h.  */
| 
| /* Override any GCC internal prototype to avoid an error.
|    Use char because int might match the return type of a GCC
|    builtin and then its argument prototype would still apply.  */
| #ifdef __cplusplus
| extern "C"
| #endif
| char crypt ();
| int
| main ()
| {
| return crypt ();
|   ;
|   return 0;
| }
configure:21274: g++ -o conftest -g -O2 -I/usr/src/include/ -I/usr/include/mysql -DHAVE_ERRNO_AS_DEFINE=1  -I/usr/include   conftest.cpp -lcrypt,   >&5
/usr/lib/gcc/x86_64-pc-linux-gnu/4.1.2/../../../../x86_64-pc-linux-gnu/bin/ld: cannot find -lcrypt,
collect2: ld returned 1 exit status
configure:21280: $? = 1
configure: failed program was:
| /* confdefs.h.  */
| #define PACKAGE_NAME ""
| #define PACKAGE_TARNAME ""
| #define PACKAGE_VERSION ""
| #define PACKAGE_STRING ""
| #define PACKAGE_BUGREPORT ""
| #define PACKAGE "verlihub"
| #define VERSION "0.9.8e"
| #define STDC_HEADERS 1
| #define HAVE_SYS_TYPES_H 1
| #define HAVE_SYS_STAT_H 1
| #define HAVE_STDLIB_H 1
| #define HAVE_STRING_H 1
| #define HAVE_MEMORY_H 1
| #define HAVE_STRINGS_H 1
| #define HAVE_INTTYPES_H 1
| #define HAVE_STDINT_H 1
| #define HAVE_UNISTD_H 1
| #define HAVE_DLFCN_H 1
| #define HAVE_PCRE_GET_STRINGNUMBER 1
| /* end confdefs.h.  */
| 
| /* Override any GCC internal prototype to avoid an error.
|    Use char because int might match the return type of a GCC
|    builtin and then its argument prototype would still apply.  */
| #ifdef __cplusplus
| extern "C"
| #endif
| char crypt ();
| int
| main ()
| {
| return crypt ();
|   ;
|   return 0;
| }
configure:21274: g++ -o conftest -g -O2 -I/usr/src/include/ -I/usr/include/mysql -DHAVE_ERRNO_AS_DEFINE=1  -I/usr/include   conftest.cpp -lcrypto   >&5
/tmp/ccmNTOWo.o: In function `main':
/home/netcelli/Verliproject/verlihub/conftest.cpp:33: undefined reference to `crypt'
collect2: ld returned 1 exit status
configure:21280: $? = 1
configure: failed program was:
| /* confdefs.h.  */
| #define PACKAGE_NAME ""
| #define PACKAGE_TARNAME ""
| #define PACKAGE_VERSION ""
| #define PACKAGE_STRING ""
| #define PACKAGE_BUGREPORT ""
| #define PACKAGE "verlihub"
| #define VERSION "0.9.8e"
| #define STDC_HEADERS 1
| #define HAVE_SYS_TYPES_H 1
| #define HAVE_SYS_STAT_H 1
| #define HAVE_STDLIB_H 1
| #define HAVE_STRING_H 1
| #define HAVE_MEMORY_H 1
| #define HAVE_STRINGS_H 1
| #define HAVE_INTTYPES_H 1
| #define HAVE_STDINT_H 1
| #define HAVE_UNISTD_H 1
| #define HAVE_DLFCN_H 1
| #define HAVE_PCRE_GET_STRINGNUMBER 1
| /* end confdefs.h.  */
| 
| /* Override any GCC internal prototype to avoid an error.
|    Use char because int might match the return type of a GCC
|    builtin and then its argument prototype would still apply.  */
| #ifdef __cplusplus
| extern "C"
| #endif
| char crypt ();
| int
| main ()
| {
| return crypt ();
|   ;
|   return 0;
| }
configure:21308: result: no
configure:21316: checking for crypt in -lcrypt
configure:21351: g++ -o conftest -g -O2 -I/usr/src/include/ -I/usr/include/mysql -DHAVE_ERRNO_AS_DEFINE=1  -I/usr/include   conftest.cpp -lcrypt   >&5
configure:21357: $? = 0
configure:21375: result: yes
configure:21382: checking for crypt in -lcrypto
configure:21417: g++ -o conftest -g -O2 -I/usr/src/include/ -I/usr/include/mysql -DHAVE_ERRNO_AS_DEFINE=1  -I/usr/include   conftest.cpp -lcrypto   >&5
/tmp/ccOBRJTX.o: In function `main':
/home/netcelli/Verliproject/verlihub/conftest.cpp:33: undefined reference to `crypt'
collect2: ld returned 1 exit status
configure:21423: $? = 1
configure: failed program was:
| /* confdefs.h.  */
| #define PACKAGE_NAME ""
| #define PACKAGE_TARNAME ""
| #define PACKAGE_VERSION ""
| #define PACKAGE_STRING ""
| #define PACKAGE_BUGREPORT ""
| #define PACKAGE "verlihub"
| #define VERSION "0.9.8e"
| #define STDC_HEADERS 1
| #define HAVE_SYS_TYPES_H 1
| #define HAVE_SYS_STAT_H 1
| #define HAVE_STDLIB_H 1
| #define HAVE_STRING_H 1
| #define HAVE_MEMORY_H 1
| #define HAVE_STRINGS_H 1
| #define HAVE_INTTYPES_H 1
| #define HAVE_STDINT_H 1
| #define HAVE_UNISTD_H 1
| #define HAVE_DLFCN_H 1
| #define HAVE_PCRE_GET_STRINGNUMBER 1
| /* end confdefs.h.  */
| 
| /* Override any GCC internal prototype to avoid an error.
|    Use char because int might match the return type of a GCC
|    builtin and then its argument prototype would still apply.  */
| #ifdef __cplusplus
| extern "C"
| #endif
| char crypt ();
| int
| main ()
| {
| return crypt ();
|   ;
|   return 0;
| }
configure:21441: result: no
configure:21449: checking for crypt in -lcrypt
configure:21508: result: yes
configure:21520: checking for crypt in -lcrypto
configure:21579: result: no
configure:21592: checking for MD5 in -lssl
configure:21627: g++ -o conftest -g -O2 -I/usr/src/include/ -I/usr/include/mysql -DHAVE_ERRNO_AS_DEFINE=1  -I/usr/include   conftest.cpp -lssl  -lcrypt  >&5
configure:21633: $? = 0
configure:21651: result: yes
configure:21662: checking for dlopen in -ldl
configure:21697: g++ -o conftest -g -O2 -I/usr/src/include/ -I/usr/include/mysql -DHAVE_ERRNO_AS_DEFINE=1  -I/usr/include   conftest.cpp -ldl  -lssl -lcrypt  >&5
configure:21703: $? = 0
configure:21721: result: yes
configure:21731: checking for dlopen in -lc
configure:21766: g++ -o conftest -g -O2 -I/usr/src/include/ -I/usr/include/mysql -DHAVE_ERRNO_AS_DEFINE=1  -I/usr/include   conftest.cpp -lc  -lssl -lcrypt  >&5
configure:21772: $? = 0
configure:21790: result: yes
configure:21802: checking for GeoIP_new in -lGeoIP
configure:21837: g++ -o conftest -g -O2 -I/usr/src/include/ -I/usr/include/mysql -DHAVE_ERRNO_AS_DEFINE=1  -I/usr/include   conftest.cpp -lGeoIP  -lssl -lcrypt  >&5
configure:21843: $? = 0
configure:21861: result: yes
configure:22018: checking for the pthreads library -lpthreads
configure:22061: gcc -o conftest -g -O2    conftest.c -lpthreads -lGeoIP -lssl -lcrypt  >&5
/usr/lib/gcc/x86_64-pc-linux-gnu/4.1.2/../../../../x86_64-pc-linux-gnu/bin/ld: cannot find -lpthreads
collect2: ld returned 1 exit status
configure:22067: $? = 1
configure: failed program was:
| /* confdefs.h.  */
| #define PACKAGE_NAME ""
| #define PACKAGE_TARNAME ""
| #define PACKAGE_VERSION ""
| #define PACKAGE_STRING ""
| #define PACKAGE_BUGREPORT ""
| #define PACKAGE "verlihub"
| #define VERSION "0.9.8e"
| #define STDC_HEADERS 1
| #define HAVE_SYS_TYPES_H 1
| #define HAVE_SYS_STAT_H 1
| #define HAVE_STDLIB_H 1
| #define HAVE_STRING_H 1
| #define HAVE_MEMORY_H 1
| #define HAVE_STRINGS_H 1
| #define HAVE_INTTYPES_H 1
| #define HAVE_STDINT_H 1
| #define HAVE_UNISTD_H 1
| #define HAVE_DLFCN_H 1
| #define HAVE_PCRE_GET_STRINGNUMBER 1
| #define HAVE_LIBCRYPT 1
| #define HAVE_LIBSSL 1
| #define HAVE_LIBGEOIP 1
| /* end confdefs.h.  */
| #include <pthread.h>
| int
| main ()
| {
| pthread_t th; pthread_join(th, 0);
|                      pthread_attr_init(0); pthread_cleanup_push(0, 0);
|                      pthread_create(0,0,0,0); pthread_cleanup_pop(0);
|   ;
|   return 0;
| }
configure:22087: result: no
configure:22007: checking whether pthreads work without any flags
configure:22061: gcc -o conftest -g -O2    conftest.c  -lGeoIP -lssl -lcrypt  >&5
/tmp/ccgoEi2h.o: In function `main':
/home/netcelli/Verliproject/verlihub/conftest.c:29: undefined reference to `pthread_join'
/home/netcelli/Verliproject/verlihub/conftest.c:30: undefined reference to `__pthread_register_cancel'
/home/netcelli/Verliproject/verlihub/conftest.c:31: undefined reference to `pthread_create'
/home/netcelli/Verliproject/verlihub/conftest.c:31: undefined reference to `__pthread_unregister_cancel'
collect2: ld returned 1 exit status
configure:22067: $? = 1
configure: failed program was:
| /* confdefs.h.  */
| #define PACKAGE_NAME ""
| #define PACKAGE_TARNAME ""
| #define PACKAGE_VERSION ""
| #define PACKAGE_STRING ""
| #define PACKAGE_BUGREPORT ""
| #define PACKAGE "verlihub"
| #define VERSION "0.9.8e"
| #define STDC_HEADERS 1
| #define HAVE_SYS_TYPES_H 1
| #define HAVE_SYS_STAT_H 1
| #define HAVE_STDLIB_H 1
| #define HAVE_STRING_H 1
| #define HAVE_MEMORY_H 1
| #define HAVE_STRINGS_H 1
| #define HAVE_INTTYPES_H 1
| #define HAVE_STDINT_H 1
| #define HAVE_UNISTD_H 1
| #define HAVE_DLFCN_H 1
| #define HAVE_PCRE_GET_STRINGNUMBER 1
| #define HAVE_LIBCRYPT 1
| #define HAVE_LIBSSL 1
| #define HAVE_LIBGEOIP 1
| /* end confdefs.h.  */
| #include <pthread.h>
| int
| main ()
| {
| pthread_t th; pthread_join(th, 0);
|                      pthread_attr_init(0); pthread_cleanup_push(0, 0);
|                      pthread_create(0,0,0,0); pthread_cleanup_pop(0);
|   ;
|   return 0;
| }
configure:22087: result: no
configure:22012: checking whether pthreads work with -Kthread
configure:22061: gcc -o conftest -g -O2 -Kthread   conftest.c  -lGeoIP -lssl -lcrypt  >&5
gcc: unrecognized option '-Kthread'
/tmp/ccYR16ex.o: In function `main':
/home/netcelli/Verliproject/verlihub/conftest.c:29: undefined reference to `pthread_join'
/home/netcelli/Verliproject/verlihub/conftest.c:30: undefined reference to `__pthread_register_cancel'
/home/netcelli/Verliproject/verlihub/conftest.c:31: undefined reference to `pthread_create'
/home/netcelli/Verliproject/verlihub/conftest.c:31: undefined reference to `__pthread_unregister_cancel'
collect2: ld returned 1 exit status
configure:22067: $? = 1
configure: failed program was:
| /* confdefs.h.  */
| #define PACKAGE_NAME ""
| #define PACKAGE_TARNAME ""
| #define PACKAGE_VERSION ""
| #define PACKAGE_STRING ""
| #define PACKAGE_BUGREPORT ""
| #define PACKAGE "verlihub"
| #define VERSION "0.9.8e"
| #define STDC_HEADERS 1
| #define HAVE_SYS_TYPES_H 1
| #define HAVE_SYS_STAT_H 1
| #define HAVE_STDLIB_H 1
| #define HAVE_STRING_H 1
| #define HAVE_MEMORY_H 1
| #define HAVE_STRINGS_H 1
| #define HAVE_INTTYPES_H 1
| #define HAVE_STDINT_H 1
| #define HAVE_UNISTD_H 1
| #define HAVE_DLFCN_H 1
| #define HAVE_PCRE_GET_STRINGNUMBER 1
| #define HAVE_LIBCRYPT 1
| #define HAVE_LIBSSL 1
| #define HAVE_LIBGEOIP 1
| /* end confdefs.h.  */
| #include <pthread.h>
| int
| main ()
| {
| pthread_t th; pthread_join(th, 0);
|                      pthread_attr_init(0); pthread_cleanup_push(0, 0);
|                      pthread_create(0,0,0,0); pthread_cleanup_pop(0);
|   ;
|   return 0;
| }
configure:22087: result: no
configure:22012: checking whether pthreads work with -kthread
configure:22061: gcc -o conftest -g -O2 -kthread   conftest.c  -lGeoIP -lssl -lcrypt  >&5
gcc: unrecognized option '-kthread'
/tmp/ccS1lpHN.o: In function `main':
/home/netcelli/Verliproject/verlihub/conftest.c:29: undefined reference to `pthread_join'
/home/netcelli/Verliproject/verlihub/conftest.c:30: undefined reference to `__pthread_register_cancel'
/home/netcelli/Verliproject/verlihub/conftest.c:31: undefined reference to `pthread_create'
/home/netcelli/Verliproject/verlihub/conftest.c:31: undefined reference to `__pthread_unregister_cancel'
collect2: ld returned 1 exit status
configure:22067: $? = 1
configure: failed program was:
| /* confdefs.h.  */
| #define PACKAGE_NAME ""
| #define PACKAGE_TARNAME ""
| #define PACKAGE_VERSION ""
| #define PACKAGE_STRING ""
| #define PACKAGE_BUGREPORT ""
| #define PACKAGE "verlihub"
| #define VERSION "0.9.8e"
| #define STDC_HEADERS 1
| #define HAVE_SYS_TYPES_H 1
| #define HAVE_SYS_STAT_H 1
| #define HAVE_STDLIB_H 1
| #define HAVE_STRING_H 1
| #define HAVE_MEMORY_H 1
| #define HAVE_STRINGS_H 1
| #define HAVE_INTTYPES_H 1
| #define HAVE_STDINT_H 1
| #define HAVE_UNISTD_H 1
| #define HAVE_DLFCN_H 1
| #define HAVE_PCRE_GET_STRINGNUMBER 1
| #define HAVE_LIBCRYPT 1
| #define HAVE_LIBSSL 1
| #define HAVE_LIBGEOIP 1
| /* end confdefs.h.  */
| #include <pthread.h>
| int
| main ()
| {
| pthread_t th; pthread_join(th, 0);
|                      pthread_attr_init(0); pthread_cleanup_push(0, 0);
|                      pthread_create(0,0,0,0); pthread_cleanup_pop(0);
|   ;
|   return 0;
| }
configure:22087: result: no
configure:22018: checking for the pthreads library -llthread
configure:22061: gcc -o conftest -g -O2    conftest.c -llthread -lGeoIP -lssl -lcrypt  >&5
/usr/lib/gcc/x86_64-pc-linux-gnu/4.1.2/../../../../x86_64-pc-linux-gnu/bin/ld: cannot find -llthread
collect2: ld returned 1 exit status
configure:22067: $? = 1
configure: failed program was:
| /* confdefs.h.  */
| #define PACKAGE_NAME ""
| #define PACKAGE_TARNAME ""
| #define PACKAGE_VERSION ""
| #define PACKAGE_STRING ""
| #define PACKAGE_BUGREPORT ""
| #define PACKAGE "verlihub"
| #define VERSION "0.9.8e"
| #define STDC_HEADERS 1
| #define HAVE_SYS_TYPES_H 1
| #define HAVE_SYS_STAT_H 1
| #define HAVE_STDLIB_H 1
| #define HAVE_STRING_H 1
| #define HAVE_MEMORY_H 1
| #define HAVE_STRINGS_H 1
| #define HAVE_INTTYPES_H 1
| #define HAVE_STDINT_H 1
| #define HAVE_UNISTD_H 1
| #define HAVE_DLFCN_H 1
| #define HAVE_PCRE_GET_STRINGNUMBER 1
| #define HAVE_LIBCRYPT 1
| #define HAVE_LIBSSL 1
| #define HAVE_LIBGEOIP 1
| /* end confdefs.h.  */
| #include <pthread.h>
| int
| main ()
| {
| pthread_t th; pthread_join(th, 0);
|                      pthread_attr_init(0); pthread_cleanup_push(0, 0);
|                      pthread_create(0,0,0,0); pthread_cleanup_pop(0);
|   ;
|   return 0;
| }
configure:22087: result: no
configure:22012: checking whether pthreads work with -pthread
configure:22061: gcc -o conftest -g -O2 -pthread   conftest.c  -lGeoIP -lssl -lcrypt  >&5
configure:22067: $? = 0
configure:22087: result: yes
configure:22107: checking for joinable pthread attribute
configure:22130: gcc -o conftest -g -O2 -pthread   conftest.c  -lGeoIP -lssl -lcrypt  >&5
configure:22136: $? = 0
configure:22204: result: PTHREAD_CREATE_JOINABLE
configure:22211: checking if more special flags are required for pthreads
configure:22218: result: no
configure:22230: checking for cc_r
configure:22258: result: gcc
configure:22299: checking for dirent.h that defines DIR
configure:22328: g++ -c -g -O2 -I/usr/src/include/ -I/usr/include/mysql -DHAVE_ERRNO_AS_DEFINE=1  -I/usr/include  conftest.cpp >&5
configure:22334: $? = 0
configure:22350: result: yes
configure:22363: checking for library containing opendir
configure:22404: g++ -o conftest -g -O2 -I/usr/src/include/ -I/usr/include/mysql -DHAVE_ERRNO_AS_DEFINE=1  -I/usr/include   conftest.cpp -lGeoIP -lssl -lcrypt  >&5
configure:22410: $? = 0
configure:22438: result: none required
configure:22533: checking for ANSI C header files
configure:22697: result: yes
configure:22735: checking arpa/inet.h usability
configure:22752: g++ -c -g -O2 -I/usr/src/include/ -I/usr/include/mysql -DHAVE_ERRNO_AS_DEFINE=1  -I/usr/include  conftest.cpp >&5
configure:22758: $? = 0
configure:22772: result: yes
configure:22776: checking arpa/inet.h presence
configure:22791: g++ -E  conftest.cpp
configure:22797: $? = 0
configure:22811: result: yes
configure:22839: checking for arpa/inet.h
configure:22847: result: yes
configure:22735: checking fcntl.h usability
configure:22752: g++ -c -g -O2 -I/usr/src/include/ -I/usr/include/mysql -DHAVE_ERRNO_AS_DEFINE=1  -I/usr/include  conftest.cpp >&5
configure:22758: $? = 0
configure:22772: result: yes
configure:22776: checking fcntl.h presence
configure:22791: g++ -E  conftest.cpp
configure:22797: $? = 0
configure:22811: result: yes
configure:22839: checking for fcntl.h
configure:22847: result: yes
configure:22735: checking netdb.h usability
configure:22752: g++ -c -g -O2 -I/usr/src/include/ -I/usr/include/mysql -DHAVE_ERRNO_AS_DEFINE=1  -I/usr/include  conftest.cpp >&5
configure:22758: $? = 0
configure:22772: result: yes
configure:22776: checking netdb.h presence
configure:22791: g++ -E  conftest.cpp
configure:22797: $? = 0
configure:22811: result: yes
configure:22839: checking for netdb.h
configure:22847: result: yes
configure:22735: checking netinet/in.h usability
configure:22752: g++ -c -g -O2 -I/usr/src/include/ -I/usr/include/mysql -DHAVE_ERRNO_AS_DEFINE=1  -I/usr/include  conftest.cpp >&5
configure:22758: $? = 0
configure:22772: result: yes
configure:22776: checking netinet/in.h presence
configure:22791: g++ -E  conftest.cpp
configure:22797: $? = 0
configure:22811: result: yes
configure:22839: checking for netinet/in.h
configure:22847: result: yes
configure:22725: checking for stdlib.h
configure:22731: result: yes
configure:22725: checking for string.h
configure:22731: result: yes
configure:22735: checking sys/socket.h usability
configure:22752: g++ -c -g -O2 -I/usr/src/include/ -I/usr/include/mysql -DHAVE_ERRNO_AS_DEFINE=1  -I/usr/include  conftest.cpp >&5
configure:22758: $? = 0
configure:22772: result: yes
configure:22776: checking sys/socket.h presence
configure:22791: g++ -E  conftest.cpp
configure:22797: $? = 0
configure:22811: result: yes
configure:22839: checking for sys/socket.h
configure:22847: result: yes
configure:22735: checking sys/time.h usability
configure:22752: g++ -c -g -O2 -I/usr/src/include/ -I/usr/include/mysql -DHAVE_ERRNO_AS_DEFINE=1  -I/usr/include  conftest.cpp >&5
configure:22758: $? = 0
configure:22772: result: yes
configure:22776: checking sys/time.h presence
configure:22791: g++ -E  conftest.cpp
configure:22797: $? = 0
configure:22811: result: yes
configure:22839: checking for sys/time.h
configure:22847: result: yes
configure:22725: checking for unistd.h
configure:22731: result: yes
configure:22735: checking ostream usability
configure:22752: g++ -c -g -O2 -I/usr/src/include/ -I/usr/include/mysql -DHAVE_ERRNO_AS_DEFINE=1  -I/usr/include  conftest.cpp >&5
configure:22758: $? = 0
configure:22772: result: yes
configure:22776: checking ostream presence
configure:22791: g++ -E  conftest.cpp
configure:22797: $? = 0
configure:22811: result: yes
configure:22839: checking for ostream
configure:22847: result: yes
configure:22735: checking string usability
configure:22752: g++ -c -g -O2 -I/usr/src/include/ -I/usr/include/mysql -DHAVE_ERRNO_AS_DEFINE=1  -I/usr/include  conftest.cpp >&5
configure:22758: $? = 0
configure:22772: result: yes
configure:22776: checking string presence
configure:22791: g++ -E  conftest.cpp
configure:22797: $? = 0
configure:22811: result: yes
configure:22839: checking for string
configure:22847: result: yes
configure:22735: checking errno.h usability
configure:22752: g++ -c -g -O2 -I/usr/src/include/ -I/usr/include/mysql -DHAVE_ERRNO_AS_DEFINE=1  -I/usr/include  conftest.cpp >&5
configure:22758: $? = 0
configure:22772: result: yes
configure:22776: checking errno.h presence
configure:22791: g++ -E  conftest.cpp
configure:22797: $? = 0
configure:22811: result: yes
configure:22839: checking for errno.h
configure:22847: result: yes
configure:22735: checking sys/poll.h usability
configure:22752: g++ -c -g -O2 -I/usr/src/include/ -I/usr/include/mysql -DHAVE_ERRNO_AS_DEFINE=1  -I/usr/include  conftest.cpp >&5
configure:22758: $? = 0
configure:22772: result: yes
configure:22776: checking sys/poll.h presence
configure:22791: g++ -E  conftest.cpp
configure:22797: $? = 0
configure:22811: result: yes
configure:22839: checking for sys/poll.h
configure:22847: result: yes
configure:22735: checking openssl/md5.h usability
configure:22752: g++ -c -g -O2 -I/usr/src/include/ -I/usr/include/mysql -DHAVE_ERRNO_AS_DEFINE=1  -I/usr/include  conftest.cpp >&5
configure:22758: $? = 0
configure:22772: result: yes
configure:22776: checking openssl/md5.h presence
configure:22791: g++ -E  conftest.cpp
configure:22797: $? = 0
configure:22811: result: yes
configure:22839: checking for openssl/md5.h
configure:22847: result: yes
configure:22862: checking for stdbool.h that conforms to C99
configure:22955: g++ -c -g -O2 -I/usr/src/include/ -I/usr/include/mysql -DHAVE_ERRNO_AS_DEFINE=1  -I/usr/include  conftest.cpp >&5
configure:22961: $? = 0
configure:22976: result: yes
configure:22978: checking for _Bool
configure:23008: g++ -c -g -O2 -I/usr/src/include/ -I/usr/include/mysql -DHAVE_ERRNO_AS_DEFINE=1  -I/usr/include  conftest.cpp >&5
conftest.cpp:74: error: '_Bool' does not name a type
conftest.cpp: In function 'int main()':
conftest.cpp:78: error: 'ac__type_new_' was not declared in this scope
conftest.cpp:78: error: expected primary-expression before ')' token
conftest.cpp:78: error: expected `)' before numeric constant
conftest.cpp:80: error: 'ac__type_new_' was not declared in this scope
configure:23014: $? = 1
configure: failed program was:
| /* confdefs.h.  */
| #define PACKAGE_NAME ""
| #define PACKAGE_TARNAME ""
| #define PACKAGE_VERSION ""
| #define PACKAGE_STRING ""
| #define PACKAGE_BUGREPORT ""
| #define PACKAGE "verlihub"
| #define VERSION "0.9.8e"
| #define STDC_HEADERS 1
| #define HAVE_SYS_TYPES_H 1
| #define HAVE_SYS_STAT_H 1
| #define HAVE_STDLIB_H 1
| #define HAVE_STRING_H 1
| #define HAVE_MEMORY_H 1
| #define HAVE_STRINGS_H 1
| #define HAVE_INTTYPES_H 1
| #define HAVE_STDINT_H 1
| #define HAVE_UNISTD_H 1
| #define HAVE_DLFCN_H 1
| #define HAVE_PCRE_GET_STRINGNUMBER 1
| #define HAVE_LIBCRYPT 1
| #define HAVE_LIBSSL 1
| #define HAVE_LIBGEOIP 1
| #define HAVE_DIRENT_H 1
| #define STDC_HEADERS 1
| #define HAVE_ARPA_INET_H 1
| #define HAVE_FCNTL_H 1
| #define HAVE_NETDB_H 1
| #define HAVE_NETINET_IN_H 1
| #define HAVE_STDLIB_H 1
| #define HAVE_STRING_H 1
| #define HAVE_SYS_SOCKET_H 1
| #define HAVE_SYS_TIME_H 1
| #define HAVE_UNISTD_H 1
| #define HAVE_OSTREAM 1
| #define HAVE_STRING 1
| #define HAVE_ERRNO_H 1
| #define HAVE_SYS_POLL_H 1
| #define HAVE_OPENSSL_MD5_H 1
| /* end confdefs.h.  */
| #include <stdio.h>
| #ifdef HAVE_SYS_TYPES_H
| # include <sys/types.h>
| #endif
| #ifdef HAVE_SYS_STAT_H
| # include <sys/stat.h>
| #endif
| #ifdef STDC_HEADERS
| # include <stdlib.h>
| # include <stddef.h>
| #else
| # ifdef HAVE_STDLIB_H
| #  include <stdlib.h>
| # endif
| #endif
| #ifdef HAVE_STRING_H
| # if !defined STDC_HEADERS && defined HAVE_MEMORY_H
| #  include <memory.h>
| # endif
| # include <string.h>
| #endif
| #ifdef HAVE_STRINGS_H
| # include <strings.h>
| #endif
| #ifdef HAVE_INTTYPES_H
| # include <inttypes.h>
| #endif
| #ifdef HAVE_STDINT_H
| # include <stdint.h>
| #endif
| #ifdef HAVE_UNISTD_H
| # include <unistd.h>
| #endif
| typedef _Bool ac__type_new_;
| int
| main ()
| {
| if ((ac__type_new_ *) 0)
|   return 0;
| if (sizeof (ac__type_new_))
|   return 0;
|   ;
|   return 0;
| }
configure:23029: result: no
configure:23048: checking for an ANSI C-conforming const
configure:23123: g++ -c -g -O2 -I/usr/src/include/ -I/usr/include/mysql -DHAVE_ERRNO_AS_DEFINE=1  -I/usr/include  conftest.cpp >&5
configure:23129: $? = 0
configure:23144: result: yes
configure:23154: checking for inline
configure:23180: g++ -c -g -O2 -I/usr/src/include/ -I/usr/include/mysql -DHAVE_ERRNO_AS_DEFINE=1  -I/usr/include  conftest.cpp >&5
configure:23186: $? = 0
configure:23204: result: inline
configure:23223: checking for size_t
configure:23253: g++ -c -g -O2 -I/usr/src/include/ -I/usr/include/mysql -DHAVE_ERRNO_AS_DEFINE=1  -I/usr/include  conftest.cpp >&5
configure:23259: $? = 0
configure:23274: result: yes
configure:23286: checking whether time.h and sys/time.h may both be included
configure:23316: g++ -c -g -O2 -I/usr/src/include/ -I/usr/include/mysql -DHAVE_ERRNO_AS_DEFINE=1  -I/usr/include  conftest.cpp >&5
configure:23322: $? = 0
configure:23337: result: yes
configure:23349: checking whether closedir returns void
configure:23383: g++ -o conftest -g -O2 -I/usr/src/include/ -I/usr/include/mysql -DHAVE_ERRNO_AS_DEFINE=1  -I/usr/include   conftest.cpp -lGeoIP -lssl -lcrypt  >&5
configure:23386: $? = 0
configure:23392: ./conftest
configure:23395: $? = 0
configure:23411: result: no
configure:23437: checking sys/select.h usability
configure:23454: g++ -c -g -O2 -I/usr/src/include/ -I/usr/include/mysql -DHAVE_ERRNO_AS_DEFINE=1  -I/usr/include  conftest.cpp >&5
configure:23460: $? = 0
configure:23474: result: yes
configure:23478: checking sys/select.h presence
configure:23493: g++ -E  conftest.cpp
configure:23499: $? = 0
configure:23513: result: yes
configure:23541: checking for sys/select.h
configure:23549: result: yes
configure:23427: checking for sys/socket.h
configure:23433: result: yes
configure:23562: checking types of arguments for select
configure:23600: g++ -c -g -O2 -I/usr/src/include/ -I/usr/include/mysql -DHAVE_ERRNO_AS_DEFINE=1  -I/usr/include  conftest.cpp >&5
configure:23606: $? = 0
configure:23627: result: int,fd_set *,struct timeval *
configure:23650: checking return type of signal handlers
configure:23678: g++ -c -g -O2 -I/usr/src/include/ -I/usr/include/mysql -DHAVE_ERRNO_AS_DEFINE=1  -I/usr/include  conftest.cpp >&5
conftest.cpp: In function 'int main()':
conftest.cpp:54: error: void value not ignored as it ought to be
configure:23684: $? = 1
configure: failed program was:
| /* confdefs.h.  */
| #define PACKAGE_NAME ""
| #define PACKAGE_TARNAME ""
| #define PACKAGE_VERSION ""
| #define PACKAGE_STRING ""
| #define PACKAGE_BUGREPORT ""
| #define PACKAGE "verlihub"
| #define VERSION "0.9.8e"
| #define STDC_HEADERS 1
| #define HAVE_SYS_TYPES_H 1
| #define HAVE_SYS_STAT_H 1
| #define HAVE_STDLIB_H 1
| #define HAVE_STRING_H 1
| #define HAVE_MEMORY_H 1
| #define HAVE_STRINGS_H 1
| #define HAVE_INTTYPES_H 1
| #define HAVE_STDINT_H 1
| #define HAVE_UNISTD_H 1
| #define HAVE_DLFCN_H 1
| #define HAVE_PCRE_GET_STRINGNUMBER 1
| #define HAVE_LIBCRYPT 1
| #define HAVE_LIBSSL 1
| #define HAVE_LIBGEOIP 1
| #define HAVE_DIRENT_H 1
| #define STDC_HEADERS 1
| #define HAVE_ARPA_INET_H 1
| #define HAVE_FCNTL_H 1
| #define HAVE_NETDB_H 1
| #define HAVE_NETINET_IN_H 1
| #define HAVE_STDLIB_H 1
| #define HAVE_STRING_H 1
| #define HAVE_SYS_SOCKET_H 1
| #define HAVE_SYS_TIME_H 1
| #define HAVE_UNISTD_H 1
| #define HAVE_OSTREAM 1
| #define HAVE_STRING 1
| #define HAVE_ERRNO_H 1
| #define HAVE_SYS_POLL_H 1
| #define HAVE_OPENSSL_MD5_H 1
| #define HAVE_STDBOOL_H 1
| #define TIME_WITH_SYS_TIME 1
| #define HAVE_SYS_SELECT_H 1
| #define HAVE_SYS_SOCKET_H 1
| #define SELECT_TYPE_ARG1 int
| #define SELECT_TYPE_ARG234 (fd_set *)
| #define SELECT_TYPE_ARG5 (struct timeval *)
| /* end confdefs.h.  */
| #include <sys/types.h>
| #include <signal.h>
| 
| int
| main ()
| {
| return *(signal (0, 0)) (0) == 1;
|   ;
|   return 0;
| }
configure:23699: result: void
configure:23718: checking for gethostbyaddr
configure:23774: g++ -o conftest -g -O2 -I/usr/src/include/ -I/usr/include/mysql -DHAVE_ERRNO_AS_DEFINE=1  -I/usr/include   conftest.cpp -lGeoIP -lssl -lcrypt  >&5
configure:23780: $? = 0
configure:23798: result: yes
configure:23718: checking for gettimeofday
configure:23774: g++ -o conftest -g -O2 -I/usr/src/include/ -I/usr/include/mysql -DHAVE_ERRNO_AS_DEFINE=1  -I/usr/include   conftest.cpp -lGeoIP -lssl -lcrypt  >&5
configure:23780: $? = 0
configure:23798: result: yes
configure:23718: checking for inet_ntoa
configure:23774: g++ -o conftest -g -O2 -I/usr/src/include/ -I/usr/include/mysql -DHAVE_ERRNO_AS_DEFINE=1  -I/usr/include   conftest.cpp -lGeoIP -lssl -lcrypt  >&5
configure:23780: $? = 0
configure:23798: result: yes
configure:23718: checking for memchr
configure:23774: g++ -o conftest -g -O2 -I/usr/src/include/ -I/usr/include/mysql -DHAVE_ERRNO_AS_DEFINE=1  -I/usr/include   conftest.cpp -lGeoIP -lssl -lcrypt  >&5
configure:23780: $? = 0
configure:23798: result: yes
configure:23718: checking for memset
configure:23774: g++ -o conftest -g -O2 -I/usr/src/include/ -I/usr/include/mysql -DHAVE_ERRNO_AS_DEFINE=1  -I/usr/include   conftest.cpp -lGeoIP -lssl -lcrypt  >&5
configure:23780: $? = 0
configure:23798: result: yes
configure:23718: checking for select
configure:23774: g++ -o conftest -g -O2 -I/usr/src/include/ -I/usr/include/mysql -DHAVE_ERRNO_AS_DEFINE=1  -I/usr/include   conftest.cpp -lGeoIP -lssl -lcrypt  >&5
configure:23780: $? = 0
configure:23798: result: yes
configure:23718: checking for socket
configure:23774: g++ -o conftest -g -O2 -I/usr/src/include/ -I/usr/include/mysql -DHAVE_ERRNO_AS_DEFINE=1  -I/usr/include   conftest.cpp -lGeoIP -lssl -lcrypt  >&5
configure:23780: $? = 0
configure:23798: result: yes
configure:23718: checking for strerror
configure:23774: g++ -o conftest -g -O2 -I/usr/src/include/ -I/usr/include/mysql -DHAVE_ERRNO_AS_DEFINE=1  -I/usr/include   conftest.cpp -lGeoIP -lssl -lcrypt  >&5
configure:23780: $? = 0
configure:23798: result: yes
configure:23836: g++ -c -g -O2 -I/usr/src/include/ -I/usr/include/mysql -DHAVE_ERRNO_AS_DEFINE=1  -I/usr/include  conftest.cpp >&5
configure:23842: $? = 0
configure:23864: checking whether to enable maintainer-specific portions of Makefiles
configure:23873: result: no
configure:24063: creating ./config.status

## ---------------------- ##
## Running config.status. ##
## ---------------------- ##

This file was extended by config.status, which was
generated by GNU Autoconf 2.61.  Invocation command line was

  CONFIG_FILES    = 
  CONFIG_HEADERS  = 
  CONFIG_LINKS    = 
  CONFIG_COMMANDS = 
  $ ./config.status 

on amd

config.status:699: creating Makefile
config.status:699: creating src/Makefile
config.status:699: creating scripts/Makefile
config.status:699: creating share/Makefile
config.status:834: WARNING:  share/Makefile.in seems to ignore the --datarootdir setting
config.status:699: creating plugins/Makefile
config.status:699: creating plugins/diakritika/Makefile
config.status:699: creating plugins/plugman/Makefile
config.status:699: creating verlihub.spec
config.status:699: creating verlihub_config
config.status:834: WARNING:  verlihub_config.in seems to ignore the --datarootdir setting
config.status:699: creating scripts/vh_restart
config.status:699: creating scripts/vh_runhub
config.status:699: creating scripts/vh_getcfg
config.status:699: creating scripts/vh_getdb
config.status:699: creating scripts/vh_trigger
config.status:699: creating scripts/vh_regnick
config.status:699: creating scripts/vh_install
config.status:834: WARNING:  scripts/vh_install.in seems to ignore the --datarootdir setting
config.status:699: creating scripts/vh_setup
config.status:699: creating share/sql/default_pi_plug.sql
config.status:699: creating config.h
config.status:964: config.h is unchanged
config.status:1010: executing depfiles commands

## ---------------- ##
## Cache variables. ##
## ---------------- ##

ac_cv_build=x86_64-unknown-linux-gnu
ac_cv_c_compiler_gnu=yes
ac_cv_c_const=yes
ac_cv_c_inline=inline
ac_cv_cxx_compiler_gnu=yes
ac_cv_env_CCC_set=
ac_cv_env_CCC_value=
ac_cv_env_CC_set=
ac_cv_env_CC_value=
ac_cv_env_CFLAGS_set=
ac_cv_env_CFLAGS_value=
ac_cv_env_CPPFLAGS_set=
ac_cv_env_CPPFLAGS_value=
ac_cv_env_CPP_set=
ac_cv_env_CPP_value=
ac_cv_env_CXXCPP_set=
ac_cv_env_CXXCPP_value=
ac_cv_env_CXXFLAGS_set=
ac_cv_env_CXXFLAGS_value=
ac_cv_env_CXX_set=
ac_cv_env_CXX_value=
ac_cv_env_F77_set=
ac_cv_env_F77_value=
ac_cv_env_FFLAGS_set=
ac_cv_env_FFLAGS_value=
ac_cv_env_LDFLAGS_set=
ac_cv_env_LDFLAGS_value=
ac_cv_env_LIBS_set=
ac_cv_env_LIBS_value=
ac_cv_env_build_alias_set=
ac_cv_env_build_alias_value=
ac_cv_env_host_alias_set=
ac_cv_env_host_alias_value=
ac_cv_env_target_alias_set=
ac_cv_env_target_alias_value=
ac_cv_f77_compiler_gnu=yes
ac_cv_func_closedir_void=no
ac_cv_func_gethostbyaddr=yes
ac_cv_func_gettimeofday=yes
ac_cv_func_inet_ntoa=yes
ac_cv_func_memchr=yes
ac_cv_func_memset=yes
ac_cv_func_select=yes
ac_cv_func_select_args='int,fd_set *,struct timeval *'
ac_cv_func_socket=yes
ac_cv_func_strerror=yes
ac_cv_header_arpa_inet_h=yes
ac_cv_header_dirent_dirent_h=yes
ac_cv_header_dlfcn_h=yes
ac_cv_header_errno_h=yes
ac_cv_header_fcntl_h=yes
ac_cv_header_inttypes_h=yes
ac_cv_header_memory_h=yes
ac_cv_header_netdb_h=yes
ac_cv_header_netinet_in_h=yes
ac_cv_header_openssl_md5_h=yes
ac_cv_header_ostream=yes
ac_cv_header_stdbool_h=yes
ac_cv_header_stdc=yes
ac_cv_header_stdint_h=yes
ac_cv_header_stdlib_h=yes
ac_cv_header_string=yes
ac_cv_header_string_h=yes
ac_cv_header_strings_h=yes
ac_cv_header_sys_poll_h=yes
ac_cv_header_sys_select_h=yes
ac_cv_header_sys_socket_h=yes
ac_cv_header_sys_stat_h=yes
ac_cv_header_sys_time_h=yes
ac_cv_header_sys_types_h=yes
ac_cv_header_time=yes
ac_cv_header_unistd_h=yes
ac_cv_host=x86_64-unknown-linux-gnu
ac_cv_lib_GeoIP_GeoIP_new=yes
ac_cv_lib_c_dlopen=yes
ac_cv_lib_crypt_crypt=yes
ac_cv_lib_crypto_crypt=no
ac_cv_lib_dl_dlopen=yes
ac_cv_lib_pcre_pcre_get_stringnumber=yes
ac_cv_lib_ssl_MD5=yes
ac_cv_objext=o
ac_cv_path_EGREP='/bin/grep -E'
ac_cv_path_GEOIP_CONFIG=./config_geoip
ac_cv_path_GREP=/bin/grep
ac_cv_path_MYSQL_CONFIG=./noapos_mysql
ac_cv_path_PCRE_CONFIG=./noapos_pcre
ac_cv_path_install='/usr/bin/install -c'
ac_cv_path_lib_geoip_cflags=-I/usr/include
ac_cv_path_lib_geoip_libs='-L/usr/lib -lGeoIP'
ac_cv_path_lib_geoip_present=yes
ac_cv_path_lib_geoip_version=
ac_cv_path_lib_mysql_cflags='-I/usr/include/mysql -DHAVE_ERRNO_AS_DEFINE=1'
ac_cv_path_lib_mysql_libs='-rdynamic -L/usr/lib64/mysql -lmysqlclient -lz -lcrypt -lnsl -lm -L/usr/lib64 -lssl -lcrypto'
ac_cv_path_lib_mysql_present=yes
ac_cv_path_lib_mysql_version=5.0.60
ac_cv_path_lib_pcre_cflags=
ac_cv_path_lib_pcre_libs='-L/usr/lib64 -lpcre'
ac_cv_path_lib_pcre_present=yes
ac_cv_path_lib_pcre_version=7.8
ac_cv_prog_AWK=gawk
ac_cv_prog_CPP='gcc -E'
ac_cv_prog_CXXCPP='g++ -E'
ac_cv_prog_PTHREAD_CC=gcc
ac_cv_prog_ac_ct_AR=ar
ac_cv_prog_ac_ct_CC=gcc
ac_cv_prog_ac_ct_CXX=g++
ac_cv_prog_ac_ct_F77=gfortran
ac_cv_prog_ac_ct_RANLIB=ranlib
ac_cv_prog_ac_ct_STRIP=strip
ac_cv_prog_cc_c89=
ac_cv_prog_cc_g=yes
ac_cv_prog_cxx_g=yes
ac_cv_prog_f77_g=yes
ac_cv_prog_make_make_set=yes
ac_cv_search_crypt=no
ac_cv_search_opendir='none required'
ac_cv_type__Bool=no
ac_cv_type_signal=void
ac_cv_type_size_t=yes
am_cv_CC_dependencies_compiler_type=gcc3
am_cv_CXX_dependencies_compiler_type=gcc3
lt_cv_cc_lib64_suffix=yes
lt_cv_deplibs_check_method=pass_all
lt_cv_file_magic_cmd='$MAGIC_CMD'
lt_cv_file_magic_test_file='/lib/libc.so.6 /lib/libc-2.6.1.so'
lt_cv_ld_reload_flag=-r
lt_cv_objdir=.libs
lt_cv_path_LD=/usr/x86_64-pc-linux-gnu/bin/ld
lt_cv_path_LDCXX='/usr/x86_64-pc-linux-gnu/bin/ld -m elf_x86_64'
lt_cv_path_NM='/usr/bin/nm -B'
lt_cv_path_SED=/bin/sed
lt_cv_prog_compiler_c_o=yes
lt_cv_prog_compiler_c_o_CXX=yes
lt_cv_prog_compiler_c_o_F77=yes
lt_cv_prog_compiler_rtti_exceptions=no
lt_cv_prog_gnu_ld=yes
lt_cv_prog_gnu_ldcxx=yes
lt_cv_sys_global_symbol_pipe='sed -n -e '\''s/^.*[ 	]\([ABCDGIRSTW][ABCDGIRSTW]*\)[ 	][ 	]*\(\)\([_A-Za-z][_A-Za-z0-9]*\)$/\1 \2\3 \3/p'\'''
lt_cv_sys_global_symbol_to_c_name_address='sed -n -e '\''s/^: \([^ ]*\) $/  {\"\1\", (lt_ptr) 0},/p'\'' -e '\''s/^[BCDEGRST] \([^ ]*\) \([^ ]*\)$/  {"\2", (lt_ptr) \&\2},/p'\'''
lt_cv_sys_global_symbol_to_cdecl='sed -n -e '\''s/^. .* \(.*\)$/extern int \1;/p'\'''
lt_cv_sys_max_cmd_len=32768
lt_lt_cv_prog_compiler_c_o='"yes"'
lt_lt_cv_prog_compiler_c_o_CXX='"yes"'
lt_lt_cv_prog_compiler_c_o_F77='"yes"'
lt_lt_cv_sys_global_symbol_pipe='"sed -n -e '\''s/^.*[ 	]\\([ABCDGIRSTW][ABCDGIRSTW]*\\)[ 	][ 	]*\\(\\)\\([_A-Za-z][_A-Za-z0-9]*\\)\$/\\1 \\2\\3 \\3/p'\''"'
lt_lt_cv_sys_global_symbol_to_c_name_address='"sed -n -e '\''s/^: \\([^ ]*\\) \$/  {\\\"\\1\\\", (lt_ptr) 0},/p'\'' -e '\''s/^[BCDEGRST] \\([^ ]*\\) \\([^ ]*\\)\$/  {\"\\2\", (lt_ptr) \\&\\2},/p'\''"'
lt_lt_cv_sys_global_symbol_to_cdecl='"sed -n -e '\''s/^. .* \\(.*\\)\$/extern int \\1;/p'\''"'

## ----------------- ##
## Output variables. ##
## ----------------- ##

ACLOCAL='${SHELL} /home/netcelli/Verliproject/verlihub/missing --run aclocal-1.7'
AMDEPBACKSLASH='\'
AMDEP_FALSE='#'
AMDEP_TRUE=''
AMTAR='${SHELL} /home/netcelli/Verliproject/verlihub/missing --run tar'
AR='ar'
AUTOCONF='${SHELL} /home/netcelli/Verliproject/verlihub/missing --run autoconf'
AUTOHEADER='${SHELL} /home/netcelli/Verliproject/verlihub/missing --run autoheader'
AUTOMAKE='${SHELL} /home/netcelli/Verliproject/verlihub/missing --run automake-1.7'
AWK='gawk'
BASH_PATH='/bin/bash'
CC='gcc'
CCDEPMODE='depmode=gcc3'
CFLAGS='-g -O2'
CPP='gcc -E'
CPPFLAGS=''
CRYPT_LIBS='-lcrypt'
CXX='g++'
CXXCPP='g++ -E'
CXXDEPMODE='depmode=gcc3'
CXXFLAGS='-g -O2 -I/usr/src/include/ -I/usr/include/mysql -DHAVE_ERRNO_AS_DEFINE=1  -I/usr/include'
CYGPATH_W='echo'
DEBUG_FALSE=''
DEBUG_TRUE='#'
DEFS='-DHAVE_CONFIG_H'
DEPDIR='.deps'
DLOPEN_LIBS='-lc'
ECHO='echo'
ECHO_C=''
ECHO_N='-n'
ECHO_T=''
EGREP='/bin/grep -E'
EXEEXT=''
F77='gfortran'
FFLAGS='-g -O2'
GEOIP_CFLAGS='-I/usr/include'
GEOIP_CONFIG='./config_geoip'
GEOIP_LIBS='-L/usr/lib -lGeoIP'
GEOIP_VERSION=''
GREP='/bin/grep'
INSTALL_DATA='${INSTALL} -m 644'
INSTALL_PROGRAM='${INSTALL}'
INSTALL_SCRIPT='${INSTALL}'
INSTALL_STRIP_PROGRAM='${SHELL} $(install_sh) -c -s'
LDFLAGS=''
LIBOBJS=''
LIBS='-lGeoIP -lssl -lcrypt '
LIBTOOL='$(SHELL) $(top_builddir)/libtool'
LN_S='ln -s'
LTLIBOBJS=''
MAINT='#'
MAINTAINER_MODE_FALSE=''
MAINTAINER_MODE_TRUE='#'
MAKEINFO='${SHELL} /home/netcelli/Verliproject/verlihub/missing --run makeinfo'
MYSQL_CFLAGS='-I/usr/include/mysql -DHAVE_ERRNO_AS_DEFINE=1'
MYSQL_CONFIG='./noapos_mysql'
MYSQL_LIBS='-rdynamic -L/usr/lib64/mysql -lmysqlclient -lz -lcrypt -lnsl -lm -L/usr/lib64 -lssl -lcrypto'
MYSQL_VERSION='5.0.60'
OBJEXT='o'
PACKAGE='verlihub'
PACKAGE_BUGREPORT=''
PACKAGE_NAME='verlihub'
PACKAGE_STRING=''
PACKAGE_TARNAME=''
PACKAGE_VERSION=''
PATH_SEPARATOR=':'
PCRE_CFLAGS=''
PCRE_CONFIG='./noapos_pcre'
PCRE_LIBS='-L/usr/lib64 -lpcre'
PCRE_VERSION='7.8'
PTHREAD_CC='gcc'
PTHREAD_CFLAGS='-pthread'
PTHREAD_LIBS=''
RANLIB='ranlib'
RELEASE='1'
SET_MAKE=''
SHELL='/bin/sh'
STRIP='strip'
SUB_PLUGINS=''
VERLIHUB_LIBS='-L/usr/lib64 -lpcre -rdynamic -L/usr/lib64/mysql -lmysqlclient -lz -lcrypt -lnsl -lm -L/usr/lib64 -lssl -lcrypto -lc -lcrypt -L/usr/lib -lGeoIP  -pthread '
VERSION='0.9.8e'
ac_ct_CC='gcc'
ac_ct_CXX='g++'
ac_ct_F77='gfortran'
am__fastdepCC_FALSE='#'
am__fastdepCC_TRUE=''
am__fastdepCXX_FALSE='#'
am__fastdepCXX_TRUE=''
am__include='include'
am__leading_dot='.'
am__quote=''
bindir='${exec_prefix}/bin'
build='x86_64-unknown-linux-gnu'
build_alias=''
build_cpu='x86_64'
build_os='linux-gnu'
build_vendor='unknown'
datadir='${datarootdir}/verlihub'
datarootdir='${prefix}/share'
docdir='${datarootdir}/doc/${PACKAGE}'
dvidir='${docdir}'
exec_prefix='${prefix}'
host='x86_64-unknown-linux-gnu'
host_alias=''
host_cpu='x86_64'
host_os='linux-gnu'
host_vendor='unknown'
htmldir='${docdir}'
includedir='${prefix}/include'
infodir='${datarootdir}/info'
install_sh='/home/netcelli/Verliproject/verlihub/install-sh'
libdir='${exec_prefix}/lib'
libexecdir='${exec_prefix}/libexec'
localedir='${datarootdir}/locale'
localstatedir='${prefix}/var'
mandir='${datarootdir}/man'
oldincludedir='/usr/include'
pdfdir='${docdir}'
prefix='/usr/local'
program_transform_name='s,x,x,'
psdir='${docdir}'
sbindir='${exec_prefix}/sbin'
sharedstatedir='${prefix}/com'
sysconfdir='${prefix}/etc'
target_alias=''

## ----------- ##
## confdefs.h. ##
## ----------- ##

#define PACKAGE_NAME ""
#define PACKAGE_TARNAME ""
#define PACKAGE_VERSION ""
#define PACKAGE_STRING ""
#define PACKAGE_BUGREPORT ""
#define PACKAGE "verlihub"
#define VERSION "0.9.8e"
#define STDC_HEADERS 1
#define HAVE_SYS_TYPES_H 1
#define HAVE_SYS_STAT_H 1
#define HAVE_STDLIB_H 1
#define HAVE_STRING_H 1
#define HAVE_MEMORY_H 1
#define HAVE_STRINGS_H 1
#define HAVE_INTTYPES_H 1
#define HAVE_STDINT_H 1
#define HAVE_UNISTD_H 1
#define HAVE_DLFCN_H 1
#define HAVE_PCRE_GET_STRINGNUMBER 1
#define HAVE_LIBCRYPT 1
#define HAVE_LIBSSL 1
#define HAVE_LIBGEOIP 1
#define HAVE_DIRENT_H 1
#define STDC_HEADERS 1
#define HAVE_ARPA_INET_H 1
#define HAVE_FCNTL_H 1
#define HAVE_NETDB_H 1
#define HAVE_NETINET_IN_H 1
#define HAVE_STDLIB_H 1
#define HAVE_STRING_H 1
#define HAVE_SYS_SOCKET_H 1
#define HAVE_SYS_TIME_H 1
#define HAVE_UNISTD_H 1
#define HAVE_OSTREAM 1
#define HAVE_STRING 1
#define HAVE_ERRNO_H 1
#define HAVE_SYS_POLL_H 1
#define HAVE_OPENSSL_MD5_H 1
#define HAVE_STDBOOL_H 1
#define TIME_WITH_SYS_TIME 1
#define HAVE_SYS_SELECT_H 1
#define HAVE_SYS_SOCKET_H 1
#define SELECT_TYPE_ARG1 int
#define SELECT_TYPE_ARG234 (fd_set *)
#define SELECT_TYPE_ARG5 (struct timeval *)
#define RETSIGTYPE void
#define HAVE_GETHOSTBYADDR 1
#define HAVE_GETTIMEOFDAY 1
#define HAVE_INET_NTOA 1
#define HAVE_MEMCHR 1
#define HAVE_MEMSET 1
#define HAVE_SELECT 1
#define HAVE_SOCKET 1
#define HAVE_STRERROR 1

configure: exit 0
